[    1878ms] Error: Hydration failed because the server rendered text didn't match the client. As a result this tree will be regenerated on the client. This can happen if a SSR-ed Client Component used:

- A server/client branch `if (typeof window !== 'undefined')`.
- Variable input such as `Date.now()` or `Math.random()` which changes each time it's called.
- Date formatting in a user's locale which doesn't match the server.
- External changing data without sending a snapshot of it along with the HTML.
- Invalid HTML tag nesting.

It can also happen if the client has a browser extension installed which messes with the HTML before React loaded.

https://react.dev/link/hydration-mismatch

  ...
    <ClientPageRoot Component={function Home} serverProvidedParams={{...}}>
      <Home params={Promise} searchParams={Promise}>
        <MockDashboard>
          <DashboardLayout>
            <div className="min-h-scre...">
              <header>
              <main className="grid grid-...">
                <div>
                <div>
                <div>
                <div className="col-span-2...">
                  <DeFiPnL summary={{...}} chartData={[...]} trades={[...]} connectionState="connected" isLoading={false} ...>
                    <div className="bg-gray-90...">
                      <div>
                      <div>
                      <div>
                      <div>
                        <h3>
                        <div className="overflow-a...">
                          <table className="w-full tex...">
                            <thead>
                            <tbody className="font-mono">
                              <tr className="border-b b...">
                                <td>
                                <td
+                                 className="py-1 text-red-400"
-                                 className="py-1 text-green-400"
                                >
+                                 sell
-                                 buy
                                ...
                              ...
                ...

    at throwOnHydrationMismatch (http://localhost:3099/_next/static/chunks/node_modules_next_dist_compiled_react-dom_1e674e59._.js:3348:56)
    at prepareToHydrateHostInstance (http://localhost:3099/_next/static/chunks/node_modules_next_dist_compiled_react-dom_1e674e59._.js:3402:23)
    at completeWork (http://localhost:3099/_next/static/chunks/node_modules_next_dist_compiled_react-dom_1e674e59._.js:6934:60)
    at runWithFiberInDEV (http://localhost:3099/_next/static/chunks/node_modules_next_dist_compiled_react-dom_1e674e59._.js:965:74)
    at completeUnitOfWork (http://localhost:3099/_next/static/chunks/node_modules_next_dist_compiled_react-dom_1e674e59._.js:9627:23)
    at performUnitOfWork (http://localhost:3099/_next/static/chunks/node_modules_next_dist_compiled_react-dom_1e674e59._.js:9564:28)
    at workLoopConcurrentByScheduler (http://localhost:3099/_next/static/chunks/node_modules_next_dist_compiled_react-dom_1e674e59._.js:9558:58)
    at renderRootConcurrent (http://localhost:3099/_next/static/chunks/node_modules_next_dist_compiled_react-dom_1e674e59._.js:9541:71)
    at performWorkOnRoot (http://localhost:3099/_next/static/chunks/node_modules_next_dist_compiled_react-dom_1e674e59._.js:9068:150)
    at performWorkOnRootViaSchedulerTask (http://localhost:3099/_next/static/chunks/node_modules_next_dist_compiled_react-dom_1e674e59._.js:10230:9)
    at MessagePort.performWorkUntilDeadline (http://localhost:3099/_next/static/chunks/node_modules_next_dist_compiled_a0e4c7b4._.js:2647:64)
[    1957ms] [ERROR] Failed to load resource: the server responded with a status of 404 (Not Found) @ http://localhost:3099/favicon.ico:0
